0 info it worked if it ends with ok
1 verbose cli [ '/usr/local/bin/node',
1 verbose cli   '/usr/local/bin/npm',
1 verbose cli   'install',
1 verbose cli   '-g',
1 verbose cli   'ripple-emulator' ]
2 info using npm@1.3.21
3 info using node@v0.10.24
4 verbose cache add [ 'ripple-emulator', null ]
5 verbose cache add name=undefined spec="ripple-emulator" args=["ripple-emulator",null]
6 verbose parsed url { protocol: null,
6 verbose parsed url   slashes: null,
6 verbose parsed url   auth: null,
6 verbose parsed url   host: null,
6 verbose parsed url   port: null,
6 verbose parsed url   hostname: null,
6 verbose parsed url   hash: null,
6 verbose parsed url   search: null,
6 verbose parsed url   query: null,
6 verbose parsed url   pathname: 'ripple-emulator',
6 verbose parsed url   path: 'ripple-emulator',
6 verbose parsed url   href: 'ripple-emulator' }
7 silly lockFile eb53d4ae-ripple-emulator ripple-emulator
8 verbose lock ripple-emulator /Users/jhonnatan/.npm/eb53d4ae-ripple-emulator.lock
9 silly lockFile eb53d4ae-ripple-emulator ripple-emulator
10 silly lockFile eb53d4ae-ripple-emulator ripple-emulator
11 verbose addNamed [ 'ripple-emulator', '' ]
12 verbose addNamed [ null, '*' ]
13 silly lockFile c6e72574-ripple-emulator ripple-emulator@
14 verbose lock ripple-emulator@ /Users/jhonnatan/.npm/c6e72574-ripple-emulator.lock
15 silly addNameRange { name: 'ripple-emulator', range: '*', hasData: false }
16 verbose url raw ripple-emulator
17 verbose url resolving [ 'https://registry.npmjs.org/', './ripple-emulator' ]
18 verbose url resolved https://registry.npmjs.org/ripple-emulator
19 info trying registry request attempt 1 at 12:28:16
20 verbose etag "E59Y9QBUNZ809CYLQ677RTGFH"
21 http GET https://registry.npmjs.org/ripple-emulator
22 http 304 https://registry.npmjs.org/ripple-emulator
23 silly registry.get cb [ 304,
23 silly registry.get   { date: 'Sat, 29 Mar 2014 17:28:17 GMT',
23 silly registry.get     server: 'Apache',
23 silly registry.get     via: '1.1 varnish',
23 silly registry.get     'last-modified': 'Sat, 29 Mar 2014 17:28:17 GMT',
23 silly registry.get     'cache-control': 'max-age=1',
23 silly registry.get     etag: '"E59Y9QBUNZ809CYLQ677RTGFH"',
23 silly registry.get     'x-served-by': 'cache-jfk1026-JFK',
23 silly registry.get     'x-cache': 'MISS',
23 silly registry.get     'x-cache-hits': '0',
23 silly registry.get     'x-timer': 'S1396114097.014064789,VS0,VE13',
23 silly registry.get     vary: 'Accept',
23 silly registry.get     'content-length': '0',
23 silly registry.get     'keep-alive': 'timeout=10, max=50',
23 silly registry.get     connection: 'Keep-Alive' } ]
24 verbose etag ripple-emulator from cache
25 silly addNameRange number 2 { name: 'ripple-emulator', range: '*', hasData: true }
26 silly addNameRange versions [ 'ripple-emulator',
26 silly addNameRange   [ '0.9.15',
26 silly addNameRange     '0.9.16',
26 silly addNameRange     '0.9.17',
26 silly addNameRange     '0.9.18',
26 silly addNameRange     '0.9.19',
26 silly addNameRange     '0.9.20',
26 silly addNameRange     '0.9.21' ] ]
27 verbose addNamed [ 'ripple-emulator', '0.9.21' ]
28 verbose addNamed [ '0.9.21', '0.9.21' ]
29 silly lockFile ee526ef4-ripple-emulator-0-9-21 ripple-emulator@0.9.21
30 verbose lock ripple-emulator@0.9.21 /Users/jhonnatan/.npm/ee526ef4-ripple-emulator-0-9-21.lock
31 silly lockFile ee526ef4-ripple-emulator-0-9-21 ripple-emulator@0.9.21
32 silly lockFile ee526ef4-ripple-emulator-0-9-21 ripple-emulator@0.9.21
33 silly lockFile c6e72574-ripple-emulator ripple-emulator@
34 silly lockFile c6e72574-ripple-emulator ripple-emulator@
35 silly resolved [ { name: 'ripple-emulator',
35 silly resolved     version: '0.9.21',
35 silly resolved     description: 'A browser based html5 mobile application development and testing tool',
35 silly resolved     homepage: 'http://ripple.incubator.apache.org/',
35 silly resolved     author:
35 silly resolved      { name: 'Apache Ripple Community',
35 silly resolved        url: 'http://ripple.incubator.apache.org/' },
35 silly resolved     licenses: [ [Object] ],
35 silly resolved     repository:
35 silly resolved      { type: 'git',
35 silly resolved        url: 'https://git-wip-us.apache.org/repos/asf/incubator-ripple.git' },
35 silly resolved     keywords:
35 silly resolved      [ 'cordova',
35 silly resolved        'phonegap',
35 silly resolved        'ripple',
35 silly resolved        'mobile',
35 silly resolved        'testing',
35 silly resolved        'test',
35 silly resolved        'emulator' ],
35 silly resolved     bin: { ripple: './bin/ripple' },
35 silly resolved     main: './lib/index',
35 silly resolved     dependencies:
35 silly resolved      { express: '3.1.0',
35 silly resolved        'connect-xcors': '0.5.2',
35 silly resolved        request: '2.12.0',
35 silly resolved        colors: '0.6.0-1',
35 silly resolved        moment: '1.x.x',
35 silly resolved        accounting: '0.x.x',
35 silly resolved        open: '0.0.3' },
35 silly resolved     devDependencies:
35 silly resolved      { connect: '2.3.6',
35 silly resolved        jsdom: '0.6.x',
35 silly resolved        cssmin: '0.3.1',
35 silly resolved        'html-minifier': '0.4.5',
35 silly resolved        jWorkflow: '0.x.x',
35 silly resolved        xmlhttprequest: '1.4.2',
35 silly resolved        coverjs: '0.0.14',
35 silly resolved        bower: '0.9.x' },
35 silly resolved     files:
35 silly resolved      [ 'README.md',
35 silly resolved        'LICENSE',
35 silly resolved        'lib/index.js',
35 silly resolved        'lib/server',
35 silly resolved        'lib/cli',
35 silly resolved        'assets/server',
35 silly resolved        'pkg/hosted',
35 silly resolved        'doc',
35 silly resolved        'bin' ],
35 silly resolved     engines: { node: '>= 0.8.0', npm: '>= 1.1.0' },
35 silly resolved     readme: '# Apache Ripple(tm)\n\nA browser based, platform agnostic mobile application development and testing tool.\n \n## Build Requirements\n\n* nodejs, npm\n* OSX or linux (windows is not currently supported for development)\n\n## Getting Started\n\nIf you plan to dive into the source, be sure to check out the [HACKING](https://github.com/apache/incubator-ripple/blob/master/HACKING.md) file.\n\nTo get started, you need to setup a few things, first- run (in the project root):\n\n    ./configure\n\nThis script will pull down the needed npm packages and initialize the submodules.\n\n## Build Commands\n\n    jake\n\nThis will build ripple to the `pkg/` folder. In that folder there are various targets that can be used.\n\n    jake -T\n\nThis will describe all the available commands for building and running the tests, etc.\n\n## Running Inside Other Web Browsers\n\nRipple is (by-design) browser agnostic, and _should_ be able to run inside any web browser.\n\nIf you want to run it inside other browsers, you will need to use the `pkg/hosted` target, paired with the CLI\'s `emulate` command.\n\nEx (using the NPM package):\n\n    ripple emulate --path to/my/app\n\n    # or\n\n    ripple emulate --remote http://remote-site.com\n\nThen navigating to (your app\'s html file):\n\n    http://localhost:PORT/index.html?enableripple=true\n\n## CLI & NPM Package\n\nThere is a command line interface that can be paired with the client (UI).\n\nIt can be used for various things, such as statically hosting an application, and running a local (cross origin) XHR proxy.\n\nTo install:\n\n    npm install -g ripple-emulator\n\nThis will install a global script called `ripple`. To see usage, run:\n\n    ripple help\n\n## Contributing\n\nThe `master` branch is the latest (stable) release. The `next` branch is where all development happens.\n\nIf you like the project, and want to contribute code, please issue a pull request (on [GitHub](https://github.com/apache/incubator-ripple/pulls)) into the `next` branch.\n\nNote: You will need to submit an Apache [ICLA](http://www.apache.org/licenses/#clas) (Individual Contributor License Agreement) for your contribution to be accepted.\n\n## Code Guidelines\n\n* 4 spaces per editor tab.\n* `jake lint`, no new lint errors introduced.\n* All unit tests are green.\n\n## Reference Material &amp; Community\n\n* [Project Site](http://ripple.incubator.apache.org)\n',
35 silly resolved     readmeFilename: 'README.md',
35 silly resolved     _id: 'ripple-emulator@0.9.21',
35 silly resolved     _from: 'ripple-emulator@' } ]
36 info install ripple-emulator@0.9.21 into /usr/local/lib
37 info installOne ripple-emulator@0.9.21
38 info /usr/local/lib/node_modules/ripple-emulator unbuild
39 verbose tar unpack /Users/jhonnatan/.npm/ripple-emulator/0.9.21/package.tgz
40 silly lockFile c1fcff1f-lib-node-modules-ripple-emulator tar:///usr/local/lib/node_modules/ripple-emulator
41 verbose lock tar:///usr/local/lib/node_modules/ripple-emulator /Users/jhonnatan/.npm/c1fcff1f-lib-node-modules-ripple-emulator.lock
42 silly lockFile 907f2944-pple-emulator-0-9-21-package-tgz tar:///Users/jhonnatan/.npm/ripple-emulator/0.9.21/package.tgz
43 verbose lock tar:///Users/jhonnatan/.npm/ripple-emulator/0.9.21/package.tgz /Users/jhonnatan/.npm/907f2944-pple-emulator-0-9-21-package-tgz.lock
44 silly gunzTarPerm modes [ '755', '644' ]
45 error Error: EACCES, mkdir '/usr/local/lib/node_modules/ripple-emulator'
45 error  { [Error: EACCES, mkdir '/usr/local/lib/node_modules/ripple-emulator']
45 error   errno: 3,
45 error   code: 'EACCES',
45 error   path: '/usr/local/lib/node_modules/ripple-emulator',
45 error   fstream_type: 'Directory',
45 error   fstream_path: '/usr/local/lib/node_modules/ripple-emulator',
45 error   fstream_class: 'DirWriter',
45 error   fstream_stack:
45 error    [ '/usr/local/lib/node_modules/npm/node_modules/fstream/lib/dir-writer.js:36:23',
45 error      '/usr/local/lib/node_modules/npm/node_modules/mkdirp/index.js:37:53',
45 error      'Object.oncomplete (fs.js:107:15)' ] }
46 error Please try running this command again as root/Administrator.
47 error System Darwin 13.1.0
48 error command "/usr/local/bin/node" "/usr/local/bin/npm" "install" "-g" "ripple-emulator"
49 error cwd /Users/jhonnatan/Documents/trabajo-independiente/appquilla
50 error node -v v0.10.24
51 error npm -v 1.3.21
52 error path /usr/local/lib/node_modules/ripple-emulator
53 error fstream_path /usr/local/lib/node_modules/ripple-emulator
54 error fstream_type Directory
55 error fstream_class DirWriter
56 error code EACCES
57 error errno 3
58 error stack Error: EACCES, mkdir '/usr/local/lib/node_modules/ripple-emulator'
59 error fstream_stack /usr/local/lib/node_modules/npm/node_modules/fstream/lib/dir-writer.js:36:23
59 error fstream_stack /usr/local/lib/node_modules/npm/node_modules/mkdirp/index.js:37:53
59 error fstream_stack Object.oncomplete (fs.js:107:15)
60 verbose exit [ 3, true ]
